


ARM Macro Assembler    Page 1 


    1 00000000         ;
    2 00000000         ; CS1022 Introduction to Computing II 2018/2019
    3 00000000         ; Lab 1 - Addressing Modes
    4 00000000         ;
    5 00000000         
    6 00000000 0000000A 
                       N       EQU              10
    7 00000000         
    8 00000000                 AREA             globals, DATA, READWRITE
    9 00000000         
   10 00000000         ; N word-size values
   11 00000000         
   12 00000000 00 00 00 
              00 00 00 
              00 00 00 
              00 00 00 
              00 00 00 
              00 00 00 
              00 00 00 
              00 00 00 
              00 00 00 
              00 00 00 
              00 00 00 
              00 00 00 
              00 00 00 
              00       ARRAY   SPACE            N*4         ; N words (4 bytes 
                                                            each)
   13 00000028         
   14 00000028         
   15 00000028                 AREA             RESET, CODE, READONLY
   16 00000000                 ENTRY
   17 00000000         
   18 00000000         ; for convenience, let's initialise test array [0, 1, 2,
                        ... , N-1]
   19 00000000         
   20 00000000         
   21 00000000 E59F0040        LDR              R0, =ARRAY
   22 00000004 E3A01000        LDR              R1, =0
   23 00000008 E351000A 
                       L1      CMP              R1, #N
   24 0000000C 2A000002        BHS              L2
   25 00000010 E7801101        STR              R1, [R0, R1, LSL #2]
   26 00000014 E2811001        ADD              R1, R1, #1
   27 00000018 EAFFFFFA        B                L1
   28 0000001C         L2
   29 0000001C         
   30 0000001C         ; initialise registers for your program
   31 0000001C         
   32 0000001C E59F0024        LDR              R0, =ARRAY  ; array start addre
                                                            ss
   33 00000020 E3A0100A        LDR              R1, =10     ; size of array (ha
                                                            lf-words)
   34 00000024         
   35 00000024         ; your program goes here
   36 00000024         
   37 00000024         ;Q1 (i)
   38 00000024         
   39 00000024         ; MOV R3, #0
   40 00000024         ;FOR CMP R3, #N



ARM Macro Assembler    Page 2 


   41 00000024         ; BHS STOP
   42 00000024         ; LDR R5, [R0]
   43 00000024         ; MUL R6, R5, R5
   44 00000024         ; STR R6, [R0]
   45 00000024         ; ADD R0, R0, #4
   46 00000024         ; ADD R3, R3, #1
   47 00000024         ; B FOR
   48 00000024         
   49 00000024         ;Q1 (ii)
   50 00000024         
   51 00000024         ; MOV R3, #0
   52 00000024         ; MOV R4, #0
   53 00000024         ;FOR CMP R3, #N
   54 00000024         ; BEQ STOP
   55 00000024         ; LDR R5, [R0, R4]
   56 00000024         ; MUL R6, R5, R5
   57 00000024         ; STR R6, [R0, R4]
   58 00000024         ; ADD R4, R4, #4
   59 00000024         ; ADD R3, R3, #1
   60 00000024         ; B FOR
   61 00000024         
   62 00000024         ;Q1 (iii)
   63 00000024         
   64 00000024         ; MOV R3, #0
   65 00000024         ;FOR CMP R3, #N
   66 00000024         ; BEQ STOP
   67 00000024         ; LDR R5, [R0, R3, LSL #2]
   68 00000024         ; MUL R6, R5, R5
   69 00000024         ; STR R6, [R0, R3, LSL #2]
   70 00000024         ; ADD R3, R3, #1
   71 00000024         ; B FOR
   72 00000024         
   73 00000024         ;Q1 (iv)
   74 00000024         
   75 00000024 E3A03000        MOV              R3, #0
   76 00000028 E353000A 
                       FOR     CMP              R3, #N
   77 0000002C 0A000004        BEQ              STOP
   78 00000030 E4905002        LDR              R5, [R0], #2
   79 00000034 E0060595        MUL              R6, R5, R5
   80 00000038 E4806002        STR              R6, [R0], #2
   81 0000003C E2833001        ADD              R3, R3, #1
   82 00000040 EAFFFFF8        B                FOR
   83 00000044         
   84 00000044 EAFFFFFE 
                       STOP    B                STOP
   85 00000048         
   86 00000048                 END
              00000000 
Command Line: --debug --xref --diag_suppress=9931 --apcs=interwork --depend=.\o
bjects\lab1-addressing-modes.d -o.\objects\lab1-addressing-modes.o -I"F:\Colleg
e\CS1021 - Computing\ARM\RV31\INC" -I"F:\College\CS1021 - Computing\ARM\CMSIS\I
nclude" -I"F:\College\CS1021 - Computing\ARM\INC\Philips" --predefine="__EVAL S
ETA 1" --predefine="__UVISION_VERSION SETA 526" --list=.\listings\lab1-addressi
ng-modes.lst lab1-addressing-modes.s



ARM Macro Assembler    Page 1 Alphabetic symbol ordering
Relocatable symbols

ARRAY 00000000

Symbol: ARRAY
   Definitions
      At line 12 in file lab1-addressing-modes.s
   Uses
      At line 21 in file lab1-addressing-modes.s
      At line 32 in file lab1-addressing-modes.s

globals 00000000

Symbol: globals
   Definitions
      At line 8 in file lab1-addressing-modes.s
   Uses
      None
Comment: globals unused
2 symbols



ARM Macro Assembler    Page 1 Alphabetic symbol ordering
Relocatable symbols

FOR 00000028

Symbol: FOR
   Definitions
      At line 76 in file lab1-addressing-modes.s
   Uses
      At line 82 in file lab1-addressing-modes.s
Comment: FOR used once
L1 00000008

Symbol: L1
   Definitions
      At line 23 in file lab1-addressing-modes.s
   Uses
      At line 27 in file lab1-addressing-modes.s
Comment: L1 used once
L2 0000001C

Symbol: L2
   Definitions
      At line 28 in file lab1-addressing-modes.s
   Uses
      At line 24 in file lab1-addressing-modes.s
Comment: L2 used once
RESET 00000000

Symbol: RESET
   Definitions
      At line 15 in file lab1-addressing-modes.s
   Uses
      None
Comment: RESET unused
STOP 00000044

Symbol: STOP
   Definitions
      At line 84 in file lab1-addressing-modes.s
   Uses
      At line 77 in file lab1-addressing-modes.s
      At line 84 in file lab1-addressing-modes.s

5 symbols



ARM Macro Assembler    Page 1 Alphabetic symbol ordering
Absolute symbols

N 0000000A

Symbol: N
   Definitions
      At line 6 in file lab1-addressing-modes.s
   Uses
      At line 12 in file lab1-addressing-modes.s
      At line 23 in file lab1-addressing-modes.s
      At line 76 in file lab1-addressing-modes.s

1 symbol
342 symbols in table
