


ARM Macro Assembler    Page 1 


    1 00000000         ;
    2 00000000         ; CS1022 Introduction to Computing II 2018/2019
    3 00000000         ; Lab 1 - Array Move
    4 00000000         ;
    5 00000000         
    6 00000000 00000010 
                       N       EQU              16          ; number of element
                                                            s
    7 00000000         
    8 00000000                 AREA             globals, DATA, READWRITE
    9 00000000         
   10 00000000         ; N word-size values
   11 00000000         
   12 00000000 00 00 00 
              00 00 00 
              00 00 00 
              00 00 00 
              00 00 00 
              00 00 00 
              00 00 00 
              00 00 00 
              00 00 00 
              00 00 00 
              00 00 00 
              00 00 00 
              00 00 00 
              00 00 00 
              00 00 00 
              00 00 00 
              00 00 00 
              00 00 00 
              00 00 00 
              00 00 00 
              00 00 00 
              00       ARRAY   SPACE            N*4         ; N words
   13 00000040         
   14 00000040         
   15 00000040                 AREA             RESET, CODE, READONLY
   16 00000000                 ENTRY
   17 00000000         
   18 00000000         ; for convenience, let's initialise test array [0, 1, 2,
                        ... , N-1]
   19 00000000         
   20 00000000 E59F005C        LDR              R0, =ARRAY
   21 00000004 E3A01000        LDR              R1, =0
   22 00000008 E3510010 
                       L1      CMP              R1, #N
   23 0000000C 2A000002        BHS              L2
   24 00000010 E7801101        STR              R1, [R0, R1, LSL #2]
   25 00000014 E2811001        ADD              R1, R1, #1
   26 00000018 EAFFFFFA        B                L1
   27 0000001C         L2
   28 0000001C         
   29 0000001C         ; initialise registers for your program
   30 0000001C         
   31 0000001C E59F0040        LDR              R0, =ARRAY
   32 00000020 E3A01006        LDR              R1, =6
   33 00000024 E3A02003        LDR              R2, =3
   34 00000028 E3A03010        LDR              R3, =N



ARM Macro Assembler    Page 2 


   35 0000002C         
   36 0000002C         ; your program goes here
   37 0000002C         
   38 0000002C E0807001        ADD              R7, R0, R1  ;R7 = POINTS AT 6TH
                                                             SLOT
   39 00000030 E0808002        ADD              R8, R0, R2  ;R8 = POINTS AT 3RD
                                                             SLOIT
   40 00000034 E1A06007        MOV              R6, R7      ;R6 = DESTINATION
   41 00000038 E7974004        LDR              R4, [R7, R4] ;R4 = TEMP, R4 = 6
                                                            TH NUMBER
   42 0000003C E2477001        SUB              R7, R7, #1  ;R7 = 5TH SLOT
   43 00000040 E1570008 
                       L4      CMP              R7, R8
   44 00000044 0A000004        BEQ              L3
   45 00000048 E7975005        LDR              R5, [R7, R5] ;R5 = N-1 SLOT
   46 0000004C E7865005        STR              R5, [R6, R5] ;STORE R5 IN N-TH 
                                                            SLOT
   47 00000050 E2466001        SUB              R6, R6, #1  ;DESTINATION - 1
   48 00000054 E2477001        SUB              R7, R7, #1  ;INITIAL LOCATION -
                                                             1
   49 00000058 EAFFFFF8        B                L4
   50 0000005C E5874000 
                       L3      STR              R4, [R7]    ;STORE ORIGINAL IN 
                                                            NEW POS
   51 00000060         
   52 00000060 EAFFFFFE 
                       STOP    B                STOP
   53 00000064         
   54 00000064                 END
              00000000 
Command Line: --debug --xref --diag_suppress=9931 --apcs=interwork --depend=.\o
bjects\lab1-array-move.d -o.\objects\lab1-array-move.o -I"F:\College\CS1021 - C
omputing\ARM\RV31\INC" -I"F:\College\CS1021 - Computing\ARM\CMSIS\Include" -I"F
:\College\CS1021 - Computing\ARM\INC\Philips" --predefine="__EVAL SETA 1" --pre
define="__UVISION_VERSION SETA 526" --list=.\listings\lab1-array-move.lst lab1-
array-move.s



ARM Macro Assembler    Page 1 Alphabetic symbol ordering
Relocatable symbols

ARRAY 00000000

Symbol: ARRAY
   Definitions
      At line 12 in file lab1-array-move.s
   Uses
      At line 20 in file lab1-array-move.s
      At line 31 in file lab1-array-move.s

globals 00000000

Symbol: globals
   Definitions
      At line 8 in file lab1-array-move.s
   Uses
      None
Comment: globals unused
2 symbols



ARM Macro Assembler    Page 1 Alphabetic symbol ordering
Relocatable symbols

L1 00000008

Symbol: L1
   Definitions
      At line 22 in file lab1-array-move.s
   Uses
      At line 26 in file lab1-array-move.s
Comment: L1 used once
L2 0000001C

Symbol: L2
   Definitions
      At line 27 in file lab1-array-move.s
   Uses
      At line 23 in file lab1-array-move.s
Comment: L2 used once
L3 0000005C

Symbol: L3
   Definitions
      At line 50 in file lab1-array-move.s
   Uses
      At line 44 in file lab1-array-move.s
Comment: L3 used once
L4 00000040

Symbol: L4
   Definitions
      At line 43 in file lab1-array-move.s
   Uses
      At line 49 in file lab1-array-move.s
Comment: L4 used once
RESET 00000000

Symbol: RESET
   Definitions
      At line 15 in file lab1-array-move.s
   Uses
      None
Comment: RESET unused
STOP 00000060

Symbol: STOP
   Definitions
      At line 52 in file lab1-array-move.s
   Uses
      At line 52 in file lab1-array-move.s
Comment: STOP used once
6 symbols



ARM Macro Assembler    Page 1 Alphabetic symbol ordering
Absolute symbols

N 00000010

Symbol: N
   Definitions
      At line 6 in file lab1-array-move.s
   Uses
      At line 12 in file lab1-array-move.s
      At line 22 in file lab1-array-move.s
      At line 34 in file lab1-array-move.s

1 symbol
343 symbols in table
